ERROR - 2024-08-04 15:23:39 --> Error connecting to the database: mysqli_sql_exception: Unknown database 'db_petelur' in C:\laragon\www\petelur\system\Database\MySQLi\Connection.php:186
Stack trace:
#0 C:\laragon\www\petelur\system\Database\MySQLi\Connection.php(186): mysqli->real_connect()
#1 C:\laragon\www\petelur\system\Database\BaseConnection.php(421): CodeIgniter\Database\MySQLi\Connection->connect()
#2 C:\laragon\www\petelur\system\Database\BaseConnection.php(616): CodeIgniter\Database\BaseConnection->initialize()
#3 C:\laragon\www\petelur\system\Database\BaseConnection.php(1485): CodeIgniter\Database\BaseConnection->query()
#4 C:\laragon\www\petelur\system\Database\BaseConnection.php(1505): CodeIgniter\Database\BaseConnection->listTables()
#5 C:\laragon\www\petelur\system\Database\MigrationRunner.php(759): CodeIgniter\Database\BaseConnection->tableExists()
#6 C:\laragon\www\petelur\system\Database\MigrationRunner.php(163): CodeIgniter\Database\MigrationRunner->ensureTable()
#7 C:\laragon\www\petelur\system\Commands\Database\Migrate.php(85): CodeIgniter\Database\MigrationRunner->latest()
#8 C:\laragon\www\petelur\system\CLI\Commands.php(70): CodeIgniter\Commands\Database\Migrate->run()
#9 C:\laragon\www\petelur\system\CLI\Console.php(48): CodeIgniter\CLI\Commands->run()
#10 C:\laragon\www\petelur\system\Boot.php(351): CodeIgniter\CLI\Console->run()
#11 C:\laragon\www\petelur\system\Boot.php(104): CodeIgniter\Boot::runCommand()
#12 C:\laragon\www\petelur\spark(84): CodeIgniter\Boot::bootSpark()
#13 {main}

Next CodeIgniter\Database\Exceptions\DatabaseException: Unknown database 'db_petelur' in C:\laragon\www\petelur\system\Database\MySQLi\Connection.php:231
Stack trace:
#0 C:\laragon\www\petelur\system\Database\BaseConnection.php(421): CodeIgniter\Database\MySQLi\Connection->connect()
#1 C:\laragon\www\petelur\system\Database\BaseConnection.php(616): CodeIgniter\Database\BaseConnection->initialize()
#2 C:\laragon\www\petelur\system\Database\BaseConnection.php(1485): CodeIgniter\Database\BaseConnection->query()
#3 C:\laragon\www\petelur\system\Database\BaseConnection.php(1505): CodeIgniter\Database\BaseConnection->listTables()
#4 C:\laragon\www\petelur\system\Database\MigrationRunner.php(759): CodeIgniter\Database\BaseConnection->tableExists()
#5 C:\laragon\www\petelur\system\Database\MigrationRunner.php(163): CodeIgniter\Database\MigrationRunner->ensureTable()
#6 C:\laragon\www\petelur\system\Commands\Database\Migrate.php(85): CodeIgniter\Database\MigrationRunner->latest()
#7 C:\laragon\www\petelur\system\CLI\Commands.php(70): CodeIgniter\Commands\Database\Migrate->run()
#8 C:\laragon\www\petelur\system\CLI\Console.php(48): CodeIgniter\CLI\Commands->run()
#9 C:\laragon\www\petelur\system\Boot.php(351): CodeIgniter\CLI\Console->run()
#10 C:\laragon\www\petelur\system\Boot.php(104): CodeIgniter\Boot::runCommand()
#11 C:\laragon\www\petelur\spark(84): CodeIgniter\Boot::bootSpark()
#12 {main}
